0 info it worked if it ends with ok
1 verbose cli [ '/Users/mtony/.nvm/versions/node/v4.4.0/bin/node',
1 verbose cli   '/Users/mtony/.nvm/versions/node/v4.4.0/bin/npm',
1 verbose cli   'run',
1 verbose cli   'dev' ]
2 info using npm@2.14.20
3 info using node@v4.4.0
4 verbose stack Error: ENOENT: no such file or directory, open '/Users/mtony/workspaces/jupyter-notebooks/package.json'
4 verbose stack     at Error (native)
5 verbose cwd /Users/mtony/workspaces/jupyter-notebooks
6 error Darwin 16.6.0
7 error argv "/Users/mtony/.nvm/versions/node/v4.4.0/bin/node" "/Users/mtony/.nvm/versions/node/v4.4.0/bin/npm" "run" "dev"
8 error node v4.4.0
9 error npm  v2.14.20
10 error path /Users/mtony/workspaces/jupyter-notebooks/package.json
11 error code ENOENT
12 error errno -2
13 error syscall open
14 error enoent ENOENT: no such file or directory, open '/Users/mtony/workspaces/jupyter-notebooks/package.json'
14 error enoent This is most likely not a problem with npm itself
14 error enoent and is related to npm not being able to find a file.
15 verbose exit [ -2, true ]
